[0.0, 0.0, 2.95436648798772]
Please cd /gauss12/home/cityu/anwenliu/dislocation/aniso_output/heat_up_emin/Ti/Ti_screw_basal_a_size_140_135_2/0.25_0.25/to see lammps calculated results
Configuration bulid! The processing time is 33.51163935661316 secs

[0.0, 0.0, 2.95436648798772]
Please cd /gauss12/home/cityu/anwenliu/dislocation/aniso_output/heat_up_emin/Ti/Ti_screw_basal_a_size_140_135_2/0.75_0.25/to see lammps calculated results
Configuration bulid! The processing time is 37.29656100273132 secs

[0.0, 0.0, 2.95436648798772]
Please cd /gauss12/home/cityu/anwenliu/dislocation/aniso_output/heat_up_emin/Ti/Ti_screw_basal_a_size_140_135_2/0.25_0.75/to see lammps calculated results
Configuration bulid! The processing time is 28.68284797668457 secs

[0.0, 0.0, 2.95436648798772]
Please cd /gauss12/home/cityu/anwenliu/dislocation/aniso_output/heat_up_emin/Ti/Ti_screw_basal_a_size_140_135_2/0.75_0.75/to see lammps calculated results
Configuration bulid! The processing time is 29.005289316177368 secs

[2.95436648798772, 0.0, 0.0]
Please cd /gauss12/home/cityu/anwenliu/dislocation/aniso_output/heat_up_emin/Ti/Ti_edge_basal_a_size_170_130_2/0.25_0.25/to see lammps calculated results
Configuration bulid! The processing time is 31.291648864746094 secs

[2.95436648798772, 0.0, 0.0]
Please cd /gauss12/home/cityu/anwenliu/dislocation/aniso_output/heat_up_emin/Ti/Ti_edge_basal_a_size_170_130_2/0.75_0.25/to see lammps calculated results
Configuration bulid! The processing time is 31.02465558052063 secs

[2.95436648798772, 0.0, 0.0]
Please cd /gauss12/home/cityu/anwenliu/dislocation/aniso_output/heat_up_emin/Ti/Ti_edge_basal_a_size_170_130_2/0.25_0.75/to see lammps calculated results
Configuration bulid! The processing time is 31.079946279525757 secs

[2.95436648798772, 0.0, 0.0]
Please cd /gauss12/home/cityu/anwenliu/dislocation/aniso_output/heat_up_emin/Ti/Ti_edge_basal_a_size_170_130_2/0.75_0.75/to see lammps calculated results
Configuration bulid! The processing time is 31.14328694343567 secs

[0.0, 0.0, 2.95436648798772]
Please cd /gauss12/home/cityu/anwenliu/dislocation/aniso_output/heat_up_emin/Ti/Ti_screw_prismI_a_size_130_120_2/0.25_0.25/to see lammps calculated results
Configuration bulid! The processing time is 27.44910192489624 secs

[0.0, 0.0, 2.95436648798772]
Please cd /gauss12/home/cityu/anwenliu/dislocation/aniso_output/heat_up_emin/Ti/Ti_screw_prismI_a_size_130_120_2/0.75_0.25/to see lammps calculated results
Configuration bulid! The processing time is 27.274873733520508 secs

[0.0, 0.0, 2.95436648798772]
Please cd /gauss12/home/cityu/anwenliu/dislocation/aniso_output/heat_up_emin/Ti/Ti_screw_prismI_a_size_130_120_2/0.25_0.75/to see lammps calculated results
Configuration bulid! The processing time is 27.445137977600098 secs

[0.0, 0.0, 2.95436648798772]
Please cd /gauss12/home/cityu/anwenliu/dislocation/aniso_output/heat_up_emin/Ti/Ti_screw_prismI_a_size_130_120_2/0.75_0.75/to see lammps calculated results
Configuration bulid! The processing time is 27.00489330291748 secs

[2.95436648798772, 0.0, 0.0]
Please cd /gauss12/home/cityu/anwenliu/dislocation/aniso_output/heat_up_emin/Ti/Ti_edge_prismI_a_size_175_115_2/0.25_0.25/to see lammps calculated results
Configuration bulid! The processing time is 32.19560503959656 secs

[2.95436648798772, 0.0, 0.0]
Please cd /gauss12/home/cityu/anwenliu/dislocation/aniso_output/heat_up_emin/Ti/Ti_edge_prismI_a_size_175_115_2/0.75_0.25/to see lammps calculated results
Configuration bulid! The processing time is 32.58356499671936 secs

[2.95436648798772, 0.0, 0.0]
Please cd /gauss12/home/cityu/anwenliu/dislocation/aniso_output/heat_up_emin/Ti/Ti_edge_prismI_a_size_175_115_2/0.25_0.75/to see lammps calculated results
Configuration bulid! The processing time is 32.58946752548218 secs

[2.95436648798772, 0.0, 0.0]
Please cd /gauss12/home/cityu/anwenliu/dislocation/aniso_output/heat_up_emin/Ti/Ti_edge_prismI_a_size_175_115_2/0.75_0.75/to see lammps calculated results
Configuration bulid! The processing time is 35.03373694419861 secs

[2.95436648798772, 0.0, 0.0]
Please cd /gauss12/home/cityu/anwenliu/dislocation/aniso_output/heat_up_emin/Ti/Ti_edge_pyrI_a_size_200_140_2/0.25_0.25/to see lammps calculated results
Configuration bulid! The processing time is 76.29004645347595 secs

[2.95436648798772, 0.0, 0.0]
Please cd /gauss12/home/cityu/anwenliu/dislocation/aniso_output/heat_up_emin/Ti/Ti_edge_pyrI_a_size_200_140_2/0.75_0.25/to see lammps calculated results
Configuration bulid! The processing time is 76.48719596862793 secs

[2.95436648798772, 0.0, 0.0]
Please cd /gauss12/home/cityu/anwenliu/dislocation/aniso_output/heat_up_emin/Ti/Ti_edge_pyrI_a_size_200_140_2/0.25_0.75/to see lammps calculated results
Configuration bulid! The processing time is 76.63835644721985 secs

[0.0, 0.0, 2.95436648798772]
Please cd /gauss12/home/cityu/anwenliu/dislocation/aniso_output/heat_up_emin/Ti/Ti_screw_basal_a_size_140_135_2/0.75_0.75/to see lammps calculated results
Configuration bulid! The processing time is 31.04930877685547 secs

[0.0, 0.0, 5.531336085001254]
Please cd /gauss12/home/cityu/anwenliu/dislocation/aniso_output/heat_up_emin/Ti/Ti_screw_pyrII_ac_size_100_200_2/0.25_0.25/to see lammps calculated results
Configuration bulid! The processing time is 48.31686472892761 secs

[0.0, 0.0, 5.531336085001254]
Please cd /gauss12/home/cityu/anwenliu/dislocation/aniso_output/heat_up_emin/Ti/Ti_screw_pyrII_ac_size_100_200_2/0.75_0.25/to see lammps calculated results
Configuration bulid! The processing time is 35.80421185493469 secs

[2.95436648798772, 0.0, 0.0]
Please cd /gauss12/home/cityu/anwenliu/dislocation/aniso_output/heat_up_emin/Ti/Ti_edge_basal_a_size_170_130_2/0.25_0.75/to see lammps calculated results
Configuration bulid! The processing time is 30.490578174591064 secs

[2.95436648798772, 0.0, 0.0]
Please cd /gauss12/home/cityu/anwenliu/dislocation/aniso_output/heat_up_emin/Ti/Ti_edge_basal_a_size_170_130_2/0.75_0.75/to see lammps calculated results
Configuration bulid! The processing time is 30.543813943862915 secs

[5.531336085001254, 0.0, 0.0]
Please cd /gauss12/home/cityu/anwenliu/dislocation/aniso_output/heat_up_emin/Ti/Ti_edge_pyrII_ac_size_110_240_2/0.25_0.25/to see lammps calculated results
Configuration bulid! The processing time is 41.85726881027222 secs

[5.531336085001254, 0.0, 0.0]
Please cd /gauss12/home/cityu/anwenliu/dislocation/aniso_output/heat_up_emin/Ti/Ti_edge_pyrII_ac_size_110_240_2/0.75_0.25/to see lammps calculated results
Configuration bulid! The processing time is 42.27830719947815 secs

[5.531336085001254, 0.0, 0.0]
Please cd /gauss12/home/cityu/anwenliu/dislocation/aniso_output/heat_up_emin/Ti/Ti_edge_pyrII_ac_size_110_240_2/0.25_0.75/to see lammps calculated results
Configuration bulid! The processing time is 42.253321409225464 secs

[5.531336085001254, 0.0, 0.0]
Please cd /gauss12/home/cityu/anwenliu/dislocation/aniso_output/heat_up_emin/Ti/Ti_edge_pyrII_ac_size_110_240_2/0.75_0.75/to see lammps calculated results
Configuration bulid! The processing time is 42.203980922698975 secs

[0.0, 0.0, 4.676258925668265]
Please cd /gauss12/home/cityu/anwenliu/dislocation/aniso_output/heat_up_emin/Ti/Ti_screw_prismI_c_size_175_105_2/0.25_0.25/to see lammps calculated results
Configuration bulid! The processing time is 29.620737075805664 secs

[0.0, 0.0, 4.676258925668265]
Please cd /gauss12/home/cityu/anwenliu/dislocation/aniso_output/heat_up_emin/Ti/Ti_screw_prismI_c_size_175_105_2/0.75_0.25/to see lammps calculated results
Configuration bulid! The processing time is 29.503481149673462 secs

[0.0, 0.0, 4.676258925668265]
Please cd /gauss12/home/cityu/anwenliu/dislocation/aniso_output/heat_up_emin/Ti/Ti_screw_prismI_c_size_175_105_2/0.25_0.75/to see lammps calculated results
Configuration bulid! The processing time is 29.400697708129883 secs

[0.0, 0.0, 4.676258925668265]
Please cd /gauss12/home/cityu/anwenliu/dislocation/aniso_output/heat_up_emin/Ti/Ti_screw_prismI_c_size_175_105_2/0.75_0.75/to see lammps calculated results
Configuration bulid! The processing time is 29.29837965965271 secs

[4.676258925668265, 0.0, 0.0]
Please cd /gauss12/home/cityu/anwenliu/dislocation/aniso_output/heat_up_emin/Ti/Ti_edge_prismI_c_size_130_125_2/0.25_0.25/to see lammps calculated results
Configuration bulid! The processing time is 26.4900119304657 secs

[4.676258925668265, 0.0, 0.0]
Please cd /gauss12/home/cityu/anwenliu/dislocation/aniso_output/heat_up_emin/Ti/Ti_edge_prismI_c_size_130_125_2/0.75_0.25/to see lammps calculated results
Configuration bulid! The processing time is 26.528112411499023 secs

[4.676258925668265, 0.0, 0.0]
Please cd /gauss12/home/cityu/anwenliu/dislocation/aniso_output/heat_up_emin/Ti/Ti_edge_prismI_c_size_130_125_2/0.25_0.75/to see lammps calculated results
Configuration bulid! The processing time is 26.93190622329712 secs

[4.676258925668265, 0.0, 0.0]
Please cd /gauss12/home/cityu/anwenliu/dislocation/aniso_output/heat_up_emin/Ti/Ti_edge_prismI_c_size_130_125_2/0.75_0.75/to see lammps calculated results
Configuration bulid! The processing time is 27.196723461151123 secs

[4.676258925668265, 0.0, 0.0]
Please cd /gauss12/home/cityu/anwenliu/dislocation/aniso_output/heat_up_emin/Ti/Ti_edge_prismII_c_size_120_190_2/0.25_0.25/to see lammps calculated results
Configuration bulid! The processing time is 38.093700647354126 secs

[4.676258925668265, 0.0, 0.0]
Please cd /gauss12/home/cityu/anwenliu/dislocation/aniso_output/heat_up_emin/Ti/Ti_edge_prismII_c_size_120_190_2/0.75_0.25/to see lammps calculated results
Configuration bulid! The processing time is 38.27759599685669 secs

[4.676258925668265, 0.0, 0.0]
Please cd /gauss12/home/cityu/anwenliu/dislocation/aniso_output/heat_up_emin/Ti/Ti_edge_prismII_c_size_120_190_2/0.25_0.75/to see lammps calculated results
Configuration bulid! The processing time is 38.53787875175476 secs

[4.676258925668265, 0.0, 0.0]
Please cd /gauss12/home/cityu/anwenliu/dislocation/aniso_output/heat_up_emin/Ti/Ti_edge_prismII_c_size_120_190_2/0.75_0.75/to see lammps calculated results
Configuration bulid! The processing time is 38.55416965484619 secs

[0.0, 0.0, 2.95436648798772]
Please cd /gauss12/home/cityu/anwenliu/dislocation/aniso_output/heat_up_emin/Ti/Ti_screw_basal_a_size_140_135_2/0.25_0.25/to see lammps calculated results
Configuration bulid! The processing time is 42.36734104156494 secs

[0.0, 0.0, 2.95436648798772]
Please cd /gauss12/home/cityu/anwenliu/dislocation/aniso_output/heat_up_emin/Ti/Ti_screw_basal_a_size_140_135_2/0.75_0.25/to see lammps calculated results
Configuration bulid! The processing time is 31.391655683517456 secs

[0.0, 0.0, 5.531336085001254]
Please cd /gauss12/home/cityu/anwenliu/dislocation/aniso_output/heat_up_emin/Ti/Ti_screw_pyrII_ac_size_100_200_2/0.25_0.75/to see lammps calculated results
Configuration bulid! The processing time is 32.18032884597778 secs

[0.0, 0.0, 5.531336085001254]
Please cd /gauss12/home/cityu/anwenliu/dislocation/aniso_output/heat_up_emin/Ti/Ti_screw_pyrII_ac_size_100_200_2/0.75_0.75/to see lammps calculated results
Configuration bulid! The processing time is 38.96418523788452 secs

[2.95436648798772, 0.0, 0.0]
Please cd /gauss12/home/cityu/anwenliu/dislocation/aniso_output/heat_up_emin/Ti/Ti_edge_basal_a_size_180_120_2/0.25_0.25/to see lammps calculated results
Configuration bulid! The processing time is 46.61651039123535 secs

[2.95436648798772, 0.0, 0.0]
Please cd /gauss12/home/cityu/anwenliu/dislocation/aniso_output/heat_up_emin/Ti/Ti_edge_basal_a_size_180_120_2/0.75_0.25/to see lammps calculated results
Configuration bulid! The processing time is 46.74481010437012 secs

[5.531336085001254, 0.0, 0.0]
Please cd /gauss12/home/cityu/anwenliu/dislocation/aniso_output/heat_up_emin/Ti/Ti_edge_pyrII_ac_size_110_240_2/0.25_0.75/to see lammps calculated results
Configuration bulid! The processing time is 58.07728838920593 secs

[5.531336085001254, 0.0, 0.0]
Please cd /gauss12/home/cityu/anwenliu/dislocation/aniso_output/heat_up_emin/Ti/Ti_edge_pyrII_ac_size_110_240_2/0.75_0.75/to see lammps calculated results
Configuration bulid! The processing time is 58.60967993736267 secs

[0.0, 0.0, 2.95436648798772]
Please cd /gauss12/home/cityu/anwenliu/dislocation/aniso_output/heat_up_emin/Ti/Ti_screw_prismI_a_size_130_120_2/0.25_0.25/to see lammps calculated results
Configuration bulid! The processing time is 35.929004430770874 secs

[0.0, 0.0, 4.676258925668265]
Please cd /gauss12/home/cityu/anwenliu/dislocation/aniso_output/heat_up_emin/Ti/Ti_screw_prismI_c_size_175_105_2/0.75_0.25/to see lammps calculated results
Configuration bulid! The processing time is 27.84199571609497 secs

[0.0, 0.0, 4.676258925668265]
Please cd /gauss12/home/cityu/anwenliu/dislocation/aniso_output/heat_up_emin/Ti/Ti_screw_prismI_c_size_175_105_2/0.25_0.75/to see lammps calculated results
Configuration bulid! The processing time is 27.771662712097168 secs

[0.0, 0.0, 4.676258925668265]
Please cd /gauss12/home/cityu/anwenliu/dislocation/aniso_output/heat_up_emin/Ti/Ti_screw_prismI_c_size_175_105_2/0.75_0.75/to see lammps calculated results
Configuration bulid! The processing time is 27.48377013206482 secs

[2.95436648798772, 0.0, 0.0]
Please cd /gauss12/home/cityu/anwenliu/dislocation/aniso_output/heat_up_emin/Ti/Ti_edge_prismI_a_size_175_115_2/0.25_0.25/to see lammps calculated results
Configuration bulid! The processing time is 29.373536109924316 secs

[4.676258925668265, 0.0, 0.0]
Please cd /gauss12/home/cityu/anwenliu/dislocation/aniso_output/heat_up_emin/Ti/Ti_edge_prismI_c_size_130_125_2/0.75_0.25/to see lammps calculated results
Configuration bulid! The processing time is 24.79472041130066 secs

[4.676258925668265, 0.0, 0.0]
Please cd /gauss12/home/cityu/anwenliu/dislocation/aniso_output/heat_up_emin/Ti/Ti_edge_prismI_c_size_130_125_2/0.25_0.75/to see lammps calculated results
Configuration bulid! The processing time is 25.202934980392456 secs

[4.676258925668265, 0.0, 0.0]
Please cd /gauss12/home/cityu/anwenliu/dislocation/aniso_output/heat_up_emin/Ti/Ti_edge_prismI_c_size_130_125_2/0.75_0.75/to see lammps calculated results
Configuration bulid! The processing time is 25.997965574264526 secs

[2.95436648798772, 0.0, 0.0]
Please cd /gauss12/home/cityu/anwenliu/dislocation/aniso_output/heat_up_emin/Ti/Ti_edge_pyrI_a_size_200_140_2/0.25_0.25/to see lammps calculated results
Configuration bulid! The processing time is 76.55306220054626 secs

[4.676258925668265, 0.0, 0.0]
Please cd /gauss12/home/cityu/anwenliu/dislocation/aniso_output/heat_up_emin/Ti/Ti_edge_prismII_c_size_120_190_2/0.75_0.25/to see lammps calculated results
Configuration bulid! The processing time is 35.934056758880615 secs

[4.676258925668265, 0.0, 0.0]
Please cd /gauss12/home/cityu/anwenliu/dislocation/aniso_output/heat_up_emin/Ti/Ti_edge_prismII_c_size_120_190_2/0.25_0.75/to see lammps calculated results
Configuration bulid! The processing time is 38.64412021636963 secs

[4.676258925668265, 0.0, 0.0]
Please cd /gauss12/home/cityu/anwenliu/dislocation/aniso_output/heat_up_emin/Ti/Ti_edge_prismII_c_size_120_190_2/0.75_0.75/to see lammps calculated results
Configuration bulid! The processing time is 39.21344995498657 secs

[0.0, 0.0, 5.531336085001254]
Please cd /gauss12/home/cityu/anwenliu/dislocation/aniso_output/heat_up_emin/Ti/Ti_screw_pyrII_ac_size_100_200_2/0.25_0.25/to see lammps calculated results
Configuration bulid! The processing time is 33.36053514480591 secs

[0.0, 0.0, 5.531336085001254]
Please cd /gauss12/home/cityu/anwenliu/dislocation/aniso_output/heat_up_emin/Ti/Ti_screw_pyrII_ac_size_100_200_2/0.75_0.25/to see lammps calculated results
Configuration bulid! The processing time is 33.43016171455383 secs

[0.0, 0.0, 5.531336085001254]
Please cd /gauss12/home/cityu/anwenliu/dislocation/aniso_output/heat_up_emin/Ti/Ti_screw_pyrII_ac_size_100_200_2/0.25_0.75/to see lammps calculated results
Configuration bulid! The processing time is 33.06129336357117 secs

[0.0, 0.0, 5.531336085001254]
Please cd /gauss12/home/cityu/anwenliu/dislocation/aniso_output/heat_up_emin/Ti/Ti_screw_pyrII_ac_size_100_200_2/0.75_0.75/to see lammps calculated results
Configuration bulid! The processing time is 33.51937484741211 secs

[5.531336085001254, 0.0, 0.0]
Please cd /gauss12/home/cityu/anwenliu/dislocation/aniso_output/heat_up_emin/Ti/Ti_edge_pyrII_ac_size_110_240_2/0.25_0.25/to see lammps calculated results
Configuration bulid! The processing time is 42.77888584136963 secs

[5.531336085001254, 0.0, 0.0]
Please cd /gauss12/home/cityu/anwenliu/dislocation/aniso_output/heat_up_emin/Ti/Ti_edge_pyrII_ac_size_110_240_2/0.75_0.25/to see lammps calculated results
Configuration bulid! The processing time is 42.87267541885376 secs

[5.531336085001254, 0.0, 0.0]
Please cd /gauss12/home/cityu/anwenliu/dislocation/aniso_output/heat_up_emin/Ti/Ti_edge_pyrII_ac_size_110_240_2/0.25_0.75/to see lammps calculated results
Configuration bulid! The processing time is 43.083208322525024 secs

[5.531336085001254, 0.0, 0.0]
Please cd /gauss12/home/cityu/anwenliu/dislocation/aniso_output/heat_up_emin/Ti/Ti_edge_pyrII_ac_size_110_240_2/0.75_0.75/to see lammps calculated results
Configuration bulid! The processing time is 42.6568238735199 secs

[0.0, 0.0, 4.676258925668265]
Please cd /gauss12/home/cityu/anwenliu/dislocation/aniso_output/heat_up_emin/Ti/Ti_screw_prismI_c_size_175_105_2/0.25_0.25/to see lammps calculated results
Configuration bulid! The processing time is 29.64030146598816 secs

[0.0, 0.0, 4.676258925668265]
Please cd /gauss12/home/cityu/anwenliu/dislocation/aniso_output/heat_up_emin/Ti/Ti_screw_prismI_c_size_175_105_2/0.75_0.25/to see lammps calculated results
Configuration bulid! The processing time is 29.938645124435425 secs

[0.0, 0.0, 4.676258925668265]
Please cd /gauss12/home/cityu/anwenliu/dislocation/aniso_output/heat_up_emin/Ti/Ti_screw_prismI_c_size_175_105_2/0.25_0.75/to see lammps calculated results
Configuration bulid! The processing time is 29.720433235168457 secs

[0.0, 0.0, 4.676258925668265]
Please cd /gauss12/home/cityu/anwenliu/dislocation/aniso_output/heat_up_emin/Ti/Ti_screw_prismI_c_size_175_105_2/0.75_0.75/to see lammps calculated results
Configuration bulid! The processing time is 29.624082803726196 secs

[4.676258925668265, 0.0, 0.0]
Please cd /gauss12/home/cityu/anwenliu/dislocation/aniso_output/heat_up_emin/Ti/Ti_edge_prismI_c_size_130_125_2/0.25_0.25/to see lammps calculated results
Configuration bulid! The processing time is 26.838361263275146 secs

[4.676258925668265, 0.0, 0.0]
Please cd /gauss12/home/cityu/anwenliu/dislocation/aniso_output/heat_up_emin/Ti/Ti_edge_prismI_c_size_130_125_2/0.75_0.25/to see lammps calculated results
Configuration bulid! The processing time is 26.804468631744385 secs

[4.676258925668265, 0.0, 0.0]
Please cd /gauss12/home/cityu/anwenliu/dislocation/aniso_output/heat_up_emin/Ti/Ti_edge_prismI_c_size_130_125_2/0.25_0.75/to see lammps calculated results
Configuration bulid! The processing time is 26.99694299697876 secs

[4.676258925668265, 0.0, 0.0]
Please cd /gauss12/home/cityu/anwenliu/dislocation/aniso_output/heat_up_emin/Ti/Ti_edge_prismI_c_size_130_125_2/0.75_0.75/to see lammps calculated results
Configuration bulid! The processing time is 26.844714403152466 secs

[4.676258925668265, 0.0, 0.0]
Please cd /gauss12/home/cityu/anwenliu/dislocation/aniso_output/heat_up_emin/Ti/Ti_edge_prismII_c_size_120_190_2/0.25_0.25/to see lammps calculated results
Configuration bulid! The processing time is 37.75263023376465 secs

[4.676258925668265, 0.0, 0.0]
Please cd /gauss12/home/cityu/anwenliu/dislocation/aniso_output/heat_up_emin/Ti/Ti_edge_prismII_c_size_120_190_2/0.75_0.25/to see lammps calculated results
Configuration bulid! The processing time is 37.43508768081665 secs

[4.676258925668265, 0.0, 0.0]
Please cd /gauss12/home/cityu/anwenliu/dislocation/aniso_output/heat_up_emin/Ti/Ti_edge_prismII_c_size_120_190_2/0.25_0.75/to see lammps calculated results
Configuration bulid! The processing time is 37.47107243537903 secs

[4.676258925668265, 0.0, 0.0]
Please cd /gauss12/home/cityu/anwenliu/dislocation/aniso_output/heat_up_emin/Ti/Ti_edge_prismII_c_size_120_190_2/0.75_0.75/to see lammps calculated results
Configuration bulid! The processing time is 37.682748317718506 secs

